2024-11-11 16:27:46,349 - my_fastapi_app - INFO - Logger is configured successfully.
2024-11-11 16:37:50,662 - my_fastapi_app - INFO - Logger is configured successfully.
2024-11-11 17:21:31,793 - my_fastapi_app - INFO - Logger is configured successfully.
2024-11-11 17:22:51,468 - my_fastapi_app - INFO - Logger is configured successfully.
2024-11-11 17:24:06,989 - my_fastapi_app - INFO - Logger is configured successfully.
2024-11-11 17:26:56,704 - my_fastapi_app - INFO - Logger is configured successfully.
2024-11-11 17:26:56,711 - my_fastapi_app - INFO - Creating database tables...
2024-11-11 17:26:56,759 - my_fastapi_app - INFO - Database tables created.
2024-11-11 17:26:56,759 - my_fastapi_app - INFO - Starting FastAPI application...
2024-11-11 17:26:56,759 - my_fastapi_app - INFO - FastAPI application created.
2024-11-11 17:26:56,759 - my_fastapi_app - INFO - Setting CORS
2024-11-11 17:26:56,759 - my_fastapi_app - INFO - CORS Setting finished
2024-11-11 17:26:56,760 - my_fastapi_app - INFO - Registering routes...
2024-11-11 17:26:56,763 - my_fastapi_app - INFO - Routes registered.
2024-11-11 17:27:07,637 - my_fastapi_app - INFO - Logger is configured successfully.
2024-11-11 17:27:07,645 - my_fastapi_app - INFO - Creating database tables...
2024-11-11 17:27:07,670 - my_fastapi_app - INFO - Database tables created.
2024-11-11 17:27:07,670 - my_fastapi_app - INFO - Starting FastAPI application...
2024-11-11 17:27:07,671 - my_fastapi_app - INFO - FastAPI application created.
2024-11-11 17:27:07,671 - my_fastapi_app - INFO - Setting CORS
2024-11-11 17:27:07,671 - my_fastapi_app - INFO - CORS Setting finished
2024-11-11 17:27:07,672 - my_fastapi_app - INFO - Registering routes...
2024-11-11 17:27:07,675 - my_fastapi_app - INFO - Routes registered.
2024-11-11 17:32:54,539 - my_fastapi_app - INFO - Logger is configured successfully.
2024-11-11 17:32:54,545 - my_fastapi_app - INFO - Creating database tables...
2024-11-11 17:32:54,598 - my_fastapi_app - INFO - Database tables created.
2024-11-11 17:32:54,598 - my_fastapi_app - INFO - Starting FastAPI application...
2024-11-11 17:32:54,599 - my_fastapi_app - INFO - FastAPI application created.
2024-11-11 17:32:54,599 - my_fastapi_app - INFO - Setting CORS
2024-11-11 17:32:54,599 - my_fastapi_app - INFO - CORS Setting finished
2024-11-11 17:32:54,599 - my_fastapi_app - INFO - Registering routes...
2024-11-11 17:32:54,603 - my_fastapi_app - INFO - Routes registered.
2024-11-11 17:33:08,436 - my_fastapi_app - INFO - Logger is configured successfully.
2024-11-11 17:33:08,442 - my_fastapi_app - INFO - Creating database tables...
2024-11-11 17:33:08,477 - my_fastapi_app - INFO - Database tables created.
2024-11-11 17:33:08,477 - my_fastapi_app - INFO - Starting FastAPI application...
2024-11-11 17:33:08,477 - my_fastapi_app - INFO - FastAPI application created.
2024-11-11 17:33:08,478 - my_fastapi_app - INFO - Setting CORS
2024-11-11 17:33:08,478 - my_fastapi_app - INFO - CORS Setting finished
2024-11-11 17:33:08,478 - my_fastapi_app - INFO - Registering routes...
2024-11-11 17:33:08,481 - my_fastapi_app - INFO - Routes registered.
2024-11-11 17:33:14,688 - my_fastapi_app - INFO - Logger is configured successfully.
2024-11-11 17:33:14,694 - my_fastapi_app - INFO - Creating database tables...
2024-11-11 17:33:14,733 - my_fastapi_app - INFO - Database tables created.
2024-11-11 17:33:14,733 - my_fastapi_app - INFO - Starting FastAPI application...
2024-11-11 17:33:14,733 - my_fastapi_app - INFO - FastAPI application created.
2024-11-11 17:33:14,733 - my_fastapi_app - INFO - Setting CORS
2024-11-11 17:33:14,733 - my_fastapi_app - INFO - CORS Setting finished
2024-11-11 17:33:14,733 - my_fastapi_app - INFO - Registering routes...
2024-11-11 17:33:14,737 - my_fastapi_app - INFO - Routes registered.
2024-11-11 17:36:14,960 - my_fastapi_app - INFO - Logger is configured successfully.
2024-11-11 17:36:14,967 - my_fastapi_app - INFO - Creating database tables...
2024-11-11 17:36:15,007 - my_fastapi_app - INFO - Database tables created.
2024-11-11 17:36:15,008 - my_fastapi_app - INFO - Starting FastAPI application...
2024-11-11 17:36:15,008 - my_fastapi_app - INFO - FastAPI application created.
2024-11-11 17:36:15,009 - my_fastapi_app - INFO - Setting CORS
2024-11-11 17:36:15,009 - my_fastapi_app - INFO - CORS Setting finished
2024-11-11 17:36:15,009 - my_fastapi_app - INFO - Registering routes...
2024-11-11 17:36:15,012 - my_fastapi_app - INFO - Routes registered.
2024-11-11 17:36:23,913 - my_fastapi_app - INFO - Logger is configured successfully.
2024-11-11 17:36:23,919 - my_fastapi_app - INFO - Creating database tables...
2024-11-11 17:36:23,948 - my_fastapi_app - INFO - Database tables created.
2024-11-11 17:36:23,949 - my_fastapi_app - INFO - Starting FastAPI application...
2024-11-11 17:36:23,949 - my_fastapi_app - INFO - FastAPI application created.
2024-11-11 17:36:23,949 - my_fastapi_app - INFO - Setting CORS
2024-11-11 17:36:23,949 - my_fastapi_app - INFO - CORS Setting finished
2024-11-11 17:36:23,949 - my_fastapi_app - INFO - Registering routes...
2024-11-11 17:36:23,953 - my_fastapi_app - INFO - Routes registered.
2024-11-11 17:39:09,489 - my_fastapi_app - INFO - Logger is configured successfully.
2024-11-11 17:39:09,496 - my_fastapi_app - INFO - Creating database tables...
2024-11-11 17:39:09,544 - my_fastapi_app - INFO - Database tables created.
2024-11-11 17:39:09,544 - my_fastapi_app - INFO - Starting FastAPI application...
2024-11-11 17:39:09,545 - my_fastapi_app - INFO - FastAPI application created.
2024-11-11 17:39:09,545 - my_fastapi_app - INFO - Setting CORS
2024-11-11 17:39:09,545 - my_fastapi_app - INFO - CORS Setting finished
2024-11-11 17:39:09,545 - my_fastapi_app - INFO - Registering routes...
2024-11-11 17:39:09,549 - my_fastapi_app - INFO - Routes registered.
2024-11-11 17:41:01,401 - my_fastapi_app - INFO - Logger is configured successfully.
2024-11-11 17:41:01,407 - my_fastapi_app - INFO - Creating database tables...
2024-11-11 17:41:01,463 - my_fastapi_app - INFO - Database tables created.
2024-11-11 17:41:01,463 - my_fastapi_app - INFO - Starting FastAPI application...
2024-11-11 17:41:01,464 - my_fastapi_app - INFO - FastAPI application created.
2024-11-11 17:41:01,464 - my_fastapi_app - INFO - Setting CORS
2024-11-11 17:41:01,464 - my_fastapi_app - INFO - CORS Setting finished
2024-11-11 17:41:01,464 - my_fastapi_app - INFO - Registering routes...
2024-11-11 17:41:01,467 - my_fastapi_app - INFO - Routes registered.
2024-11-11 17:42:17,885 - my_fastapi_app - INFO - Logger is configured successfully.
2024-11-11 17:42:17,892 - my_fastapi_app - INFO - Creating database tables...
2024-11-11 17:42:17,941 - my_fastapi_app - INFO - Database tables created.
2024-11-11 17:42:17,941 - my_fastapi_app - INFO - Starting FastAPI application...
2024-11-11 17:42:17,941 - my_fastapi_app - INFO - FastAPI application created.
2024-11-11 17:42:17,942 - my_fastapi_app - INFO - Setting CORS
2024-11-11 17:42:17,942 - my_fastapi_app - INFO - CORS Setting finished
2024-11-11 17:42:17,942 - my_fastapi_app - INFO - Registering routes...
2024-11-11 17:42:17,946 - my_fastapi_app - INFO - Routes registered.
2024-11-11 17:43:10,712 - my_fastapi_app - INFO - Logger is configured successfully.
2024-11-11 17:43:10,719 - my_fastapi_app - INFO - Creating database tables...
2024-11-11 17:43:10,766 - my_fastapi_app - INFO - Database tables created.
2024-11-11 17:43:10,766 - my_fastapi_app - INFO - Starting FastAPI application...
2024-11-11 17:43:10,766 - my_fastapi_app - INFO - FastAPI application created.
2024-11-11 17:43:10,766 - my_fastapi_app - INFO - Setting CORS
2024-11-11 17:43:10,767 - my_fastapi_app - INFO - CORS Setting finished
2024-11-11 17:43:10,767 - my_fastapi_app - INFO - Registering routes...
2024-11-11 17:43:10,770 - my_fastapi_app - INFO - Routes registered.
2024-11-11 17:43:25,867 - my_fastapi_app - INFO - Logger is configured successfully.
2024-11-11 17:43:25,872 - my_fastapi_app - INFO - Creating database tables...
2024-11-11 17:43:25,901 - my_fastapi_app - INFO - Database tables created.
2024-11-11 17:43:25,901 - my_fastapi_app - INFO - Starting FastAPI application...
2024-11-11 17:43:25,901 - my_fastapi_app - INFO - FastAPI application created.
2024-11-11 17:43:25,902 - my_fastapi_app - INFO - Setting CORS
2024-11-11 17:43:25,902 - my_fastapi_app - INFO - CORS Setting finished
2024-11-11 17:43:25,902 - my_fastapi_app - INFO - Registering routes...
2024-11-11 17:43:25,905 - my_fastapi_app - INFO - Routes registered.
2024-11-11 17:44:25,675 - my_fastapi_app - INFO - Logger is configured successfully.
2024-11-11 17:44:25,681 - my_fastapi_app - INFO - Creating database tables...
2024-11-11 17:44:25,725 - my_fastapi_app - INFO - Database tables created.
2024-11-11 17:44:25,726 - my_fastapi_app - INFO - Starting FastAPI application...
2024-11-11 17:44:25,726 - my_fastapi_app - INFO - FastAPI application created.
2024-11-11 17:44:25,726 - my_fastapi_app - INFO - Setting CORS
2024-11-11 17:44:25,727 - my_fastapi_app - INFO - CORS Setting finished
2024-11-11 17:44:25,727 - my_fastapi_app - INFO - Registering routes...
2024-11-11 17:44:25,730 - my_fastapi_app - INFO - Routes registered.
2024-11-11 17:46:26,947 - my_fastapi_app - INFO - Logger is configured successfully.
2024-11-11 17:46:26,953 - my_fastapi_app - INFO - Creating database tables...
2024-11-11 17:46:26,992 - my_fastapi_app - INFO - Database tables created.
2024-11-11 17:46:26,993 - my_fastapi_app - INFO - Starting FastAPI application...
2024-11-11 17:46:26,993 - my_fastapi_app - INFO - FastAPI application created.
2024-11-11 17:46:26,993 - my_fastapi_app - INFO - Setting CORS
2024-11-11 17:46:26,993 - my_fastapi_app - INFO - CORS Setting finished
2024-11-11 17:46:26,993 - my_fastapi_app - INFO - Registering routes...
2024-11-11 17:46:26,997 - my_fastapi_app - INFO - Routes registered.
2024-11-11 17:50:09,494 - my_fastapi_app - INFO - Logger is configured successfully.
2024-11-11 17:50:09,500 - my_fastapi_app - INFO - Creating database tables...
2024-11-11 17:50:09,542 - my_fastapi_app - INFO - Database tables created.
2024-11-11 17:50:09,542 - my_fastapi_app - INFO - Starting FastAPI application...
2024-11-11 17:50:09,543 - my_fastapi_app - INFO - FastAPI application created.
2024-11-11 17:50:09,543 - my_fastapi_app - INFO - Setting CORS
2024-11-11 17:50:09,543 - my_fastapi_app - INFO - CORS Setting finished
2024-11-11 17:50:09,543 - my_fastapi_app - INFO - Registering routes...
2024-11-11 17:50:09,547 - my_fastapi_app - INFO - Routes registered.
2024-11-11 17:50:15,200 - my_fastapi_app - INFO - Logger is configured successfully.
2024-11-11 17:50:15,206 - my_fastapi_app - INFO - Creating database tables...
2024-11-11 17:50:15,255 - my_fastapi_app - INFO - Database tables created.
2024-11-11 17:50:15,255 - my_fastapi_app - INFO - Starting FastAPI application...
2024-11-11 17:50:15,256 - my_fastapi_app - INFO - FastAPI application created.
2024-11-11 17:50:15,256 - my_fastapi_app - INFO - Setting CORS
2024-11-11 17:50:15,256 - my_fastapi_app - INFO - CORS Setting finished
2024-11-11 17:50:15,256 - my_fastapi_app - INFO - Registering routes...
2024-11-11 17:50:15,260 - my_fastapi_app - INFO - Routes registered.
2024-11-11 17:50:34,968 - my_fastapi_app - INFO - Logger is configured successfully.
2024-11-11 17:50:34,975 - my_fastapi_app - INFO - Creating database tables...
2024-11-11 17:50:35,006 - my_fastapi_app - INFO - Database tables created.
2024-11-11 17:50:35,006 - my_fastapi_app - INFO - Starting FastAPI application...
2024-11-11 17:50:35,007 - my_fastapi_app - INFO - FastAPI application created.
2024-11-11 17:50:35,007 - my_fastapi_app - INFO - Setting CORS
2024-11-11 17:50:35,007 - my_fastapi_app - INFO - CORS Setting finished
2024-11-11 17:50:35,007 - my_fastapi_app - INFO - Registering routes...
2024-11-11 17:50:35,011 - my_fastapi_app - INFO - Routes registered.
2024-11-11 17:50:38,908 - my_fastapi_app - INFO - Logger is configured successfully.
2024-11-11 17:50:38,914 - my_fastapi_app - INFO - Creating database tables...
2024-11-11 17:50:38,947 - my_fastapi_app - INFO - Database tables created.
2024-11-11 17:50:38,948 - my_fastapi_app - INFO - Starting FastAPI application...
2024-11-11 17:50:38,948 - my_fastapi_app - INFO - FastAPI application created.
2024-11-11 17:50:38,948 - my_fastapi_app - INFO - Setting CORS
2024-11-11 17:50:38,948 - my_fastapi_app - INFO - CORS Setting finished
2024-11-11 17:50:38,948 - my_fastapi_app - INFO - Registering routes...
2024-11-11 17:50:38,951 - my_fastapi_app - INFO - Routes registered.
2024-11-11 17:51:10,704 - my_fastapi_app - INFO - Logger is configured successfully.
2024-11-11 17:51:10,710 - my_fastapi_app - INFO - Creating database tables...
2024-11-11 17:51:10,757 - my_fastapi_app - INFO - Database tables created.
2024-11-11 17:51:10,757 - my_fastapi_app - INFO - Starting FastAPI application...
2024-11-11 17:51:10,757 - my_fastapi_app - INFO - FastAPI application created.
2024-11-11 17:51:10,757 - my_fastapi_app - INFO - Setting CORS
2024-11-11 17:51:10,757 - my_fastapi_app - INFO - CORS Setting finished
2024-11-11 17:51:10,757 - my_fastapi_app - INFO - Registering routes...
2024-11-11 17:51:10,761 - my_fastapi_app - INFO - Routes registered.
2024-11-11 17:52:21,505 - my_fastapi_app - INFO - Logger is configured successfully.
2024-11-11 17:52:21,512 - my_fastapi_app - INFO - Creating database tables...
2024-11-11 17:52:21,559 - my_fastapi_app - INFO - Database tables created.
2024-11-11 17:52:21,559 - my_fastapi_app - INFO - Starting FastAPI application...
2024-11-11 17:52:21,560 - my_fastapi_app - INFO - FastAPI application created.
2024-11-11 17:52:21,560 - my_fastapi_app - INFO - Setting CORS
2024-11-11 17:52:21,560 - my_fastapi_app - INFO - CORS Setting finished
2024-11-11 17:52:21,560 - my_fastapi_app - INFO - Registering routes...
2024-11-11 17:52:21,564 - my_fastapi_app - INFO - Routes registered.
2024-11-11 17:57:46,411 - my_fastapi_app - INFO - Logger is configured successfully.
2024-11-11 17:57:46,417 - my_fastapi_app - INFO - Creating database tables...
2024-11-11 17:57:46,489 - my_fastapi_app - INFO - Database tables created.
2024-11-11 17:57:46,490 - my_fastapi_app - INFO - Starting FastAPI application...
2024-11-11 17:57:46,490 - my_fastapi_app - INFO - FastAPI application created.
2024-11-11 17:57:46,491 - my_fastapi_app - INFO - Setting CORS
2024-11-11 17:57:46,491 - my_fastapi_app - INFO - CORS Setting finished
2024-11-11 17:57:46,491 - my_fastapi_app - INFO - Registering routes...
2024-11-11 17:57:46,495 - my_fastapi_app - INFO - Routes registered.
2024-11-11 17:57:59,473 - my_fastapi_app - INFO - Logger is configured successfully.
2024-11-11 17:57:59,478 - my_fastapi_app - INFO - Creating database tables...
2024-11-11 17:57:59,525 - my_fastapi_app - INFO - Database tables created.
2024-11-11 17:57:59,525 - my_fastapi_app - INFO - Starting FastAPI application...
2024-11-11 17:57:59,525 - my_fastapi_app - INFO - FastAPI application created.
2024-11-11 17:57:59,525 - my_fastapi_app - INFO - Setting CORS
2024-11-11 17:57:59,525 - my_fastapi_app - INFO - CORS Setting finished
2024-11-11 17:57:59,526 - my_fastapi_app - INFO - Registering routes...
2024-11-11 17:57:59,529 - my_fastapi_app - INFO - Routes registered.
2024-11-11 17:58:45,796 - my_fastapi_app - INFO - Logger is configured successfully.
2024-11-11 17:58:45,801 - my_fastapi_app - INFO - Creating database tables...
2024-11-11 17:58:45,853 - my_fastapi_app - INFO - Database tables created.
2024-11-11 17:58:45,853 - my_fastapi_app - INFO - Starting FastAPI application...
2024-11-11 17:58:45,854 - my_fastapi_app - INFO - FastAPI application created.
2024-11-11 17:58:45,854 - my_fastapi_app - INFO - Setting CORS
2024-11-11 17:58:45,854 - my_fastapi_app - INFO - CORS Setting finished
2024-11-11 17:58:45,854 - my_fastapi_app - INFO - Registering routes...
2024-11-11 17:58:45,857 - my_fastapi_app - INFO - Routes registered.
2024-11-12 09:40:07,728 - my_fastapi_app - INFO - Logger is configured successfully.
2024-11-12 09:40:07,734 - my_fastapi_app - INFO - Creating database tables...
2024-11-12 09:40:07,785 - my_fastapi_app - INFO - Database tables created.
2024-11-12 09:40:07,786 - my_fastapi_app - INFO - Starting FastAPI application...
2024-11-12 09:40:07,786 - my_fastapi_app - INFO - FastAPI application created.
2024-11-12 09:40:07,786 - my_fastapi_app - INFO - Setting CORS
2024-11-12 09:40:07,786 - my_fastapi_app - INFO - CORS Setting finished
2024-11-12 09:40:07,786 - my_fastapi_app - INFO - Registering routes...
2024-11-12 09:40:07,790 - my_fastapi_app - INFO - Routes registered.
2024-11-12 09:43:05,448 - my_fastapi_app - INFO - Logger is configured successfully.
2024-11-12 09:43:05,454 - my_fastapi_app - INFO - Creating database tables...
2024-11-12 09:43:05,494 - my_fastapi_app - INFO - Database tables created.
2024-11-12 09:43:05,495 - my_fastapi_app - INFO - Starting FastAPI application...
2024-11-12 09:43:05,495 - my_fastapi_app - INFO - FastAPI application created.
2024-11-12 09:43:05,495 - my_fastapi_app - INFO - Setting CORS
2024-11-12 09:43:05,495 - my_fastapi_app - INFO - CORS Setting finished
2024-11-12 09:43:05,495 - my_fastapi_app - INFO - Registering routes...
2024-11-12 09:43:05,499 - my_fastapi_app - INFO - Routes registered.
2024-11-12 09:43:21,534 - my_fastapi_app - INFO - Logger is configured successfully.
2024-11-12 09:43:21,539 - my_fastapi_app - INFO - Creating database tables...
2024-11-12 09:43:21,570 - my_fastapi_app - INFO - Database tables created.
2024-11-12 09:43:21,571 - my_fastapi_app - INFO - Starting FastAPI application...
2024-11-12 09:43:21,571 - my_fastapi_app - INFO - FastAPI application created.
2024-11-12 09:43:21,571 - my_fastapi_app - INFO - Setting CORS
2024-11-12 09:43:21,571 - my_fastapi_app - INFO - CORS Setting finished
2024-11-12 09:43:21,571 - my_fastapi_app - INFO - Registering routes...
2024-11-12 09:43:21,574 - my_fastapi_app - INFO - Routes registered.
2024-11-12 09:43:49,721 - my_fastapi_app - INFO - Logger is configured successfully.
2024-11-12 09:43:49,727 - my_fastapi_app - INFO - Creating database tables...
2024-11-12 09:43:49,772 - my_fastapi_app - INFO - Database tables created.
2024-11-12 09:43:49,773 - my_fastapi_app - INFO - Starting FastAPI application...
2024-11-12 09:43:49,773 - my_fastapi_app - INFO - FastAPI application created.
2024-11-12 09:43:49,773 - my_fastapi_app - INFO - Setting CORS
2024-11-12 09:43:49,773 - my_fastapi_app - INFO - CORS Setting finished
2024-11-12 09:43:49,773 - my_fastapi_app - INFO - Registering routes...
2024-11-12 09:43:49,777 - my_fastapi_app - INFO - Routes registered.
2024-11-12 09:44:29,234 - my_fastapi_app - INFO - Logger is configured successfully.
2024-11-12 09:44:29,239 - my_fastapi_app - INFO - Creating database tables...
2024-11-12 09:44:29,269 - my_fastapi_app - INFO - Database tables created.
2024-11-12 09:44:29,269 - my_fastapi_app - INFO - Starting FastAPI application...
2024-11-12 09:44:29,269 - my_fastapi_app - INFO - FastAPI application created.
2024-11-12 09:44:29,269 - my_fastapi_app - INFO - Setting CORS
2024-11-12 09:44:29,270 - my_fastapi_app - INFO - CORS Setting finished
2024-11-12 09:44:29,270 - my_fastapi_app - INFO - Registering routes...
2024-11-12 09:44:29,273 - my_fastapi_app - INFO - Routes registered.
2024-11-12 09:46:59,392 - my_fastapi_app - INFO - Logger is configured successfully.
2024-11-12 09:46:59,398 - my_fastapi_app - INFO - Creating database tables...
2024-11-12 09:46:59,439 - my_fastapi_app - INFO - Database tables created.
2024-11-12 09:46:59,440 - my_fastapi_app - INFO - Starting FastAPI application...
2024-11-12 09:46:59,440 - my_fastapi_app - INFO - FastAPI application created.
2024-11-12 09:46:59,441 - my_fastapi_app - INFO - Setting CORS
2024-11-12 09:46:59,441 - my_fastapi_app - INFO - CORS Setting finished
2024-11-12 09:46:59,441 - my_fastapi_app - INFO - Registering routes...
2024-11-12 09:46:59,445 - my_fastapi_app - INFO - Routes registered.
2024-11-12 09:48:03,587 - my_fastapi_app - INFO - Logger is configured successfully.
2024-11-12 09:48:03,592 - my_fastapi_app - INFO - Creating database tables...
2024-11-12 09:48:03,632 - my_fastapi_app - INFO - Database tables created.
2024-11-12 09:48:03,633 - my_fastapi_app - INFO - Starting FastAPI application...
2024-11-12 09:48:03,633 - my_fastapi_app - INFO - FastAPI application created.
2024-11-12 09:48:03,633 - my_fastapi_app - INFO - Setting CORS
2024-11-12 09:48:03,633 - my_fastapi_app - INFO - CORS Setting finished
2024-11-12 09:48:03,633 - my_fastapi_app - INFO - Registering routes...
2024-11-12 09:48:03,637 - my_fastapi_app - INFO - Routes registered.
2024-11-12 09:49:07,528 - my_fastapi_app - INFO - Logger is configured successfully.
2024-11-12 09:49:07,533 - my_fastapi_app - INFO - Creating database tables...
2024-11-12 09:49:07,576 - my_fastapi_app - INFO - Database tables created.
2024-11-12 09:49:07,577 - my_fastapi_app - INFO - Starting FastAPI application...
2024-11-12 09:49:07,577 - my_fastapi_app - INFO - FastAPI application created.
2024-11-12 09:49:07,577 - my_fastapi_app - INFO - Setting CORS
2024-11-12 09:49:07,577 - my_fastapi_app - INFO - CORS Setting finished
2024-11-12 09:49:07,577 - my_fastapi_app - INFO - Registering routes...
2024-11-12 09:49:07,581 - my_fastapi_app - INFO - Routes registered.
2024-11-12 09:57:52,053 - my_fastapi_app - INFO - Logger is configured successfully.
2024-11-12 09:57:52,058 - my_fastapi_app - INFO - Creating database tables...
2024-11-12 09:57:52,101 - my_fastapi_app - INFO - Database tables created.
2024-11-12 09:57:52,101 - my_fastapi_app - INFO - Starting FastAPI application...
2024-11-12 09:57:52,102 - my_fastapi_app - INFO - FastAPI application created.
2024-11-12 09:57:52,102 - my_fastapi_app - INFO - Setting CORS
2024-11-12 09:57:52,102 - my_fastapi_app - INFO - CORS Setting finished
2024-11-12 09:57:52,102 - my_fastapi_app - INFO - Registering routes...
2024-11-12 09:57:52,105 - my_fastapi_app - INFO - Routes registered.
2024-11-12 10:00:51,072 - my_fastapi_app - INFO - Logger is configured successfully.
2024-11-12 10:00:51,078 - my_fastapi_app - INFO - Creating database tables...
2024-11-12 10:00:51,121 - my_fastapi_app - INFO - Database tables created.
2024-11-12 10:00:51,121 - my_fastapi_app - INFO - Starting FastAPI application...
2024-11-12 10:00:51,121 - my_fastapi_app - INFO - FastAPI application created.
2024-11-12 10:00:51,121 - my_fastapi_app - INFO - Setting CORS
2024-11-12 10:00:51,121 - my_fastapi_app - INFO - CORS Setting finished
2024-11-12 10:00:51,122 - my_fastapi_app - INFO - Registering routes...
2024-11-12 10:00:51,125 - my_fastapi_app - INFO - Routes registered.
2024-11-12 12:50:20,869 - my_fastapi_app - INFO - Logger is configured successfully.
2024-11-12 12:50:20,875 - my_fastapi_app - INFO - Creating database tables...
2024-11-12 12:50:20,926 - my_fastapi_app - INFO - Database tables created.
2024-11-12 12:50:20,927 - my_fastapi_app - INFO - Starting FastAPI application...
2024-11-12 12:50:20,927 - my_fastapi_app - INFO - FastAPI application created.
2024-11-12 12:50:20,927 - my_fastapi_app - INFO - Setting CORS
2024-11-12 12:50:20,927 - my_fastapi_app - INFO - CORS Setting finished
2024-11-12 12:50:20,927 - my_fastapi_app - INFO - Registering routes...
2024-11-12 12:50:20,931 - my_fastapi_app - INFO - Routes registered.
2024-11-12 14:21:04,065 - my_fastapi_app - INFO - Logger is configured successfully.
2024-11-12 14:21:04,071 - my_fastapi_app - INFO - Creating database tables...
2024-11-12 14:21:04,122 - my_fastapi_app - INFO - Database tables created.
2024-11-12 14:21:04,123 - my_fastapi_app - INFO - Starting FastAPI application...
2024-11-12 14:21:04,123 - my_fastapi_app - INFO - FastAPI application created.
2024-11-12 14:21:04,123 - my_fastapi_app - INFO - Setting CORS
2024-11-12 14:21:04,124 - my_fastapi_app - INFO - CORS Setting finished
2024-11-12 14:21:04,124 - my_fastapi_app - INFO - Registering routes...
2024-11-12 14:21:04,127 - my_fastapi_app - INFO - Routes registered.
2024-11-12 14:27:39,559 - my_fastapi_app - INFO - Logger is configured successfully.
2024-11-12 14:27:39,564 - my_fastapi_app - INFO - Creating database tables...
2024-11-12 14:27:39,609 - my_fastapi_app - INFO - Database tables created.
2024-11-12 14:27:39,609 - my_fastapi_app - INFO - Starting FastAPI application...
2024-11-12 14:27:39,610 - my_fastapi_app - INFO - FastAPI application created.
2024-11-12 14:27:39,610 - my_fastapi_app - INFO - Setting CORS
2024-11-12 14:27:39,610 - my_fastapi_app - INFO - CORS Setting finished
2024-11-12 14:27:39,610 - my_fastapi_app - INFO - Registering routes...
2024-11-12 14:27:39,614 - my_fastapi_app - INFO - Routes registered.
2024-11-12 14:30:32,095 - my_fastapi_app - INFO - Logger is configured successfully.
2024-11-12 14:30:32,102 - my_fastapi_app - INFO - Creating database tables...
2024-11-12 14:30:32,138 - my_fastapi_app - INFO - Database tables created.
2024-11-12 14:30:32,138 - my_fastapi_app - INFO - Starting FastAPI application...
2024-11-12 14:30:32,139 - my_fastapi_app - INFO - FastAPI application created.
2024-11-12 14:30:32,139 - my_fastapi_app - INFO - Setting CORS
2024-11-12 14:30:32,139 - my_fastapi_app - INFO - CORS Setting finished
2024-11-12 14:30:32,139 - my_fastapi_app - INFO - Registering routes...
2024-11-12 14:30:32,143 - my_fastapi_app - INFO - Routes registered.
2024-11-12 14:31:27,979 - my_fastapi_app - INFO - Logger is configured successfully.
2024-11-12 14:31:27,985 - my_fastapi_app - INFO - Creating database tables...
2024-11-12 14:31:28,019 - my_fastapi_app - INFO - Database tables created.
2024-11-12 14:31:28,020 - my_fastapi_app - INFO - Starting FastAPI application...
2024-11-12 14:31:28,020 - my_fastapi_app - INFO - FastAPI application created.
2024-11-12 14:31:28,020 - my_fastapi_app - INFO - Setting CORS
2024-11-12 14:31:28,020 - my_fastapi_app - INFO - CORS Setting finished
2024-11-12 14:31:28,020 - my_fastapi_app - INFO - Registering routes...
2024-11-12 14:31:28,024 - my_fastapi_app - INFO - Routes registered.
2024-11-12 14:31:35,131 - my_fastapi_app - INFO - <tempfile.SpooledTemporaryFile object at 0x0000012ABCFAE6E0>
2024-11-12 14:32:18,497 - my_fastapi_app - INFO - <tempfile.SpooledTemporaryFile object at 0x0000012AC48728C0>
2024-11-12 14:35:44,654 - my_fastapi_app - INFO - Logger is configured successfully.
2024-11-12 14:35:44,659 - my_fastapi_app - INFO - Creating database tables...
2024-11-12 14:35:44,706 - my_fastapi_app - INFO - Database tables created.
2024-11-12 14:35:44,706 - my_fastapi_app - INFO - Starting FastAPI application...
2024-11-12 14:35:44,707 - my_fastapi_app - INFO - FastAPI application created.
2024-11-12 14:35:44,707 - my_fastapi_app - INFO - Setting CORS
2024-11-12 14:35:44,707 - my_fastapi_app - INFO - CORS Setting finished
2024-11-12 14:35:44,707 - my_fastapi_app - INFO - Registering routes...
2024-11-12 14:35:44,711 - my_fastapi_app - INFO - Routes registered.
2024-11-12 14:35:58,269 - my_fastapi_app - INFO - Logger is configured successfully.
2024-11-12 14:35:58,275 - my_fastapi_app - INFO - Creating database tables...
2024-11-12 14:35:58,309 - my_fastapi_app - INFO - Database tables created.
2024-11-12 14:35:58,309 - my_fastapi_app - INFO - Starting FastAPI application...
2024-11-12 14:35:58,310 - my_fastapi_app - INFO - FastAPI application created.
2024-11-12 14:35:58,310 - my_fastapi_app - INFO - Setting CORS
2024-11-12 14:35:58,310 - my_fastapi_app - INFO - CORS Setting finished
2024-11-12 14:35:58,310 - my_fastapi_app - INFO - Registering routes...
2024-11-12 14:35:58,314 - my_fastapi_app - INFO - Routes registered.
2024-11-12 14:36:10,188 - my_fastapi_app - INFO - Logger is configured successfully.
2024-11-12 14:36:10,194 - my_fastapi_app - INFO - Creating database tables...
2024-11-12 14:36:10,230 - my_fastapi_app - INFO - Database tables created.
2024-11-12 14:36:10,230 - my_fastapi_app - INFO - Starting FastAPI application...
2024-11-12 14:36:10,231 - my_fastapi_app - INFO - FastAPI application created.
2024-11-12 14:36:10,231 - my_fastapi_app - INFO - Setting CORS
2024-11-12 14:36:10,231 - my_fastapi_app - INFO - CORS Setting finished
2024-11-12 14:36:10,231 - my_fastapi_app - INFO - Registering routes...
2024-11-12 14:36:10,235 - my_fastapi_app - INFO - Routes registered.
2024-11-12 14:36:26,144 - my_fastapi_app - INFO - <tempfile.SpooledTemporaryFile object at 0x00000223EEDAEA40>
2024-11-12 14:38:39,576 - my_fastapi_app - INFO - Logger is configured successfully.
2024-11-12 14:38:39,582 - my_fastapi_app - INFO - Creating database tables...
2024-11-12 14:38:39,627 - my_fastapi_app - INFO - Database tables created.
2024-11-12 14:38:39,627 - my_fastapi_app - INFO - Starting FastAPI application...
2024-11-12 14:38:39,628 - my_fastapi_app - INFO - FastAPI application created.
2024-11-12 14:38:39,628 - my_fastapi_app - INFO - Setting CORS
2024-11-12 14:38:39,628 - my_fastapi_app - INFO - CORS Setting finished
2024-11-12 14:38:39,628 - my_fastapi_app - INFO - Registering routes...
2024-11-12 14:38:39,631 - my_fastapi_app - INFO - Routes registered.
2024-11-12 14:39:24,173 - my_fastapi_app - INFO - Logger is configured successfully.
2024-11-12 14:39:24,178 - my_fastapi_app - INFO - Creating database tables...
2024-11-12 14:39:24,228 - my_fastapi_app - INFO - Database tables created.
2024-11-12 14:39:24,228 - my_fastapi_app - INFO - Starting FastAPI application...
2024-11-12 14:39:24,228 - my_fastapi_app - INFO - FastAPI application created.
2024-11-12 14:39:24,228 - my_fastapi_app - INFO - Setting CORS
2024-11-12 14:39:24,228 - my_fastapi_app - INFO - CORS Setting finished
2024-11-12 14:39:24,228 - my_fastapi_app - INFO - Registering routes...
2024-11-12 14:39:24,232 - my_fastapi_app - INFO - Routes registered.
2024-11-12 14:43:07,464 - my_fastapi_app - INFO - Logger is configured successfully.
2024-11-12 14:43:07,471 - my_fastapi_app - INFO - Creating database tables...
2024-11-12 14:43:07,514 - my_fastapi_app - INFO - Database tables created.
2024-11-12 14:43:07,515 - my_fastapi_app - INFO - Starting FastAPI application...
2024-11-12 14:43:07,515 - my_fastapi_app - INFO - FastAPI application created.
2024-11-12 14:43:07,516 - my_fastapi_app - INFO - Setting CORS
2024-11-12 14:43:07,516 - my_fastapi_app - INFO - CORS Setting finished
2024-11-12 14:43:07,516 - my_fastapi_app - INFO - Registering routes...
2024-11-12 14:43:07,520 - my_fastapi_app - INFO - Routes registered.
2024-11-12 14:43:41,379 - my_fastapi_app - INFO - <tempfile.SpooledTemporaryFile object at 0x000001DB5A4FFAF0>
2024-11-12 14:43:55,876 - my_fastapi_app - INFO - Logger is configured successfully.
2024-11-12 14:43:55,882 - my_fastapi_app - INFO - Creating database tables...
2024-11-12 14:43:55,925 - my_fastapi_app - INFO - Database tables created.
2024-11-12 14:43:55,925 - my_fastapi_app - INFO - Starting FastAPI application...
2024-11-12 14:43:55,926 - my_fastapi_app - INFO - FastAPI application created.
2024-11-12 14:43:55,926 - my_fastapi_app - INFO - Setting CORS
2024-11-12 14:43:55,926 - my_fastapi_app - INFO - CORS Setting finished
2024-11-12 14:43:55,926 - my_fastapi_app - INFO - Registering routes...
2024-11-12 14:43:55,930 - my_fastapi_app - INFO - Routes registered.
2024-11-12 14:44:04,432 - my_fastapi_app - INFO - <tempfile.SpooledTemporaryFile object at 0x000002CAD9E1B3A0>
2024-11-12 14:46:09,839 - my_fastapi_app - INFO - Logger is configured successfully.
2024-11-12 14:46:09,845 - my_fastapi_app - INFO - Creating database tables...
2024-11-12 14:46:09,892 - my_fastapi_app - INFO - Database tables created.
2024-11-12 14:46:09,892 - my_fastapi_app - INFO - Starting FastAPI application...
2024-11-12 14:46:09,893 - my_fastapi_app - INFO - FastAPI application created.
2024-11-12 14:46:09,893 - my_fastapi_app - INFO - Setting CORS
2024-11-12 14:46:09,893 - my_fastapi_app - INFO - CORS Setting finished
2024-11-12 14:46:09,893 - my_fastapi_app - INFO - Registering routes...
2024-11-12 14:46:09,896 - my_fastapi_app - INFO - Routes registered.
2024-11-12 14:47:50,619 - my_fastapi_app - INFO - Logger is configured successfully.
2024-11-12 14:47:50,626 - my_fastapi_app - INFO - Creating database tables...
2024-11-12 14:47:50,668 - my_fastapi_app - INFO - Database tables created.
2024-11-12 14:47:50,668 - my_fastapi_app - INFO - Starting FastAPI application...
2024-11-12 14:47:50,669 - my_fastapi_app - INFO - FastAPI application created.
2024-11-12 14:47:50,669 - my_fastapi_app - INFO - Setting CORS
2024-11-12 14:47:50,669 - my_fastapi_app - INFO - CORS Setting finished
2024-11-12 14:47:50,669 - my_fastapi_app - INFO - Registering routes...
2024-11-12 14:47:50,672 - my_fastapi_app - INFO - Routes registered.
2024-11-12 14:48:09,120 - my_fastapi_app - INFO - Logger is configured successfully.
2024-11-12 14:48:09,126 - my_fastapi_app - INFO - Creating database tables...
2024-11-12 14:48:09,162 - my_fastapi_app - INFO - Database tables created.
2024-11-12 14:48:09,163 - my_fastapi_app - INFO - Starting FastAPI application...
2024-11-12 14:48:09,163 - my_fastapi_app - INFO - FastAPI application created.
2024-11-12 14:48:09,163 - my_fastapi_app - INFO - Setting CORS
2024-11-12 14:48:09,163 - my_fastapi_app - INFO - CORS Setting finished
2024-11-12 14:48:09,164 - my_fastapi_app - INFO - Registering routes...
2024-11-12 14:48:09,168 - my_fastapi_app - INFO - Routes registered.
2024-11-12 14:48:55,063 - my_fastapi_app - INFO - Logger is configured successfully.
2024-11-12 14:48:55,069 - my_fastapi_app - INFO - Creating database tables...
2024-11-12 14:48:55,107 - my_fastapi_app - INFO - Database tables created.
2024-11-12 14:48:55,107 - my_fastapi_app - INFO - Starting FastAPI application...
2024-11-12 14:48:55,107 - my_fastapi_app - INFO - FastAPI application created.
2024-11-12 14:48:55,108 - my_fastapi_app - INFO - Setting CORS
2024-11-12 14:48:55,108 - my_fastapi_app - INFO - CORS Setting finished
2024-11-12 14:48:55,108 - my_fastapi_app - INFO - Registering routes...
2024-11-12 14:48:55,111 - my_fastapi_app - INFO - Routes registered.
2024-11-12 14:49:59,979 - my_fastapi_app - INFO - Logger is configured successfully.
2024-11-12 14:49:59,985 - my_fastapi_app - INFO - Creating database tables...
2024-11-12 14:50:00,022 - my_fastapi_app - INFO - Database tables created.
2024-11-12 14:50:00,023 - my_fastapi_app - INFO - Starting FastAPI application...
2024-11-12 14:50:00,023 - my_fastapi_app - INFO - FastAPI application created.
2024-11-12 14:50:00,023 - my_fastapi_app - INFO - Setting CORS
2024-11-12 14:50:00,024 - my_fastapi_app - INFO - CORS Setting finished
2024-11-12 14:50:00,024 - my_fastapi_app - INFO - Registering routes...
2024-11-12 14:50:00,028 - my_fastapi_app - INFO - Routes registered.
2024-11-12 14:50:26,321 - my_fastapi_app - INFO - Logger is configured successfully.
2024-11-12 14:50:26,327 - my_fastapi_app - INFO - Creating database tables...
2024-11-12 14:50:26,354 - my_fastapi_app - INFO - Database tables created.
2024-11-12 14:50:26,354 - my_fastapi_app - INFO - Starting FastAPI application...
2024-11-12 14:50:26,355 - my_fastapi_app - INFO - FastAPI application created.
2024-11-12 14:50:26,355 - my_fastapi_app - INFO - Setting CORS
2024-11-12 14:50:26,355 - my_fastapi_app - INFO - CORS Setting finished
2024-11-12 14:50:26,355 - my_fastapi_app - INFO - Registering routes...
2024-11-12 14:50:26,359 - my_fastapi_app - INFO - Routes registered.
2024-11-12 14:50:40,851 - my_fastapi_app - INFO - Logger is configured successfully.
2024-11-12 14:50:40,857 - my_fastapi_app - INFO - Creating database tables...
2024-11-12 14:50:40,901 - my_fastapi_app - INFO - Database tables created.
2024-11-12 14:50:40,902 - my_fastapi_app - INFO - Starting FastAPI application...
2024-11-12 14:50:40,902 - my_fastapi_app - INFO - FastAPI application created.
2024-11-12 14:50:40,902 - my_fastapi_app - INFO - Setting CORS
2024-11-12 14:50:40,903 - my_fastapi_app - INFO - CORS Setting finished
2024-11-12 14:50:40,903 - my_fastapi_app - INFO - Registering routes...
2024-11-12 14:50:40,907 - my_fastapi_app - INFO - Routes registered.
2024-11-12 14:51:16,607 - my_fastapi_app - INFO - Logger is configured successfully.
2024-11-12 14:51:16,612 - my_fastapi_app - INFO - Creating database tables...
2024-11-12 14:51:16,656 - my_fastapi_app - INFO - Database tables created.
2024-11-12 14:51:16,657 - my_fastapi_app - INFO - Starting FastAPI application...
2024-11-12 14:51:16,657 - my_fastapi_app - INFO - FastAPI application created.
2024-11-12 14:51:16,657 - my_fastapi_app - INFO - Setting CORS
2024-11-12 14:51:16,657 - my_fastapi_app - INFO - CORS Setting finished
2024-11-12 14:51:16,658 - my_fastapi_app - INFO - Registering routes...
2024-11-12 14:51:16,662 - my_fastapi_app - INFO - Routes registered.
2024-11-12 14:51:32,638 - my_fastapi_app - INFO - Logger is configured successfully.
2024-11-12 14:51:32,644 - my_fastapi_app - INFO - Creating database tables...
2024-11-12 14:51:32,675 - my_fastapi_app - INFO - Database tables created.
2024-11-12 14:51:32,675 - my_fastapi_app - INFO - Starting FastAPI application...
2024-11-12 14:51:32,675 - my_fastapi_app - INFO - FastAPI application created.
2024-11-12 14:51:32,675 - my_fastapi_app - INFO - Setting CORS
2024-11-12 14:51:32,676 - my_fastapi_app - INFO - CORS Setting finished
2024-11-12 14:51:32,676 - my_fastapi_app - INFO - Registering routes...
2024-11-12 14:51:32,679 - my_fastapi_app - INFO - Routes registered.
2024-11-12 14:52:11,987 - my_fastapi_app - INFO - Logger is configured successfully.
2024-11-12 14:52:11,994 - my_fastapi_app - INFO - Creating database tables...
2024-11-12 14:52:12,024 - my_fastapi_app - INFO - Database tables created.
2024-11-12 14:52:12,024 - my_fastapi_app - INFO - Starting FastAPI application...
2024-11-12 14:52:12,024 - my_fastapi_app - INFO - FastAPI application created.
2024-11-12 14:52:12,024 - my_fastapi_app - INFO - Setting CORS
2024-11-12 14:52:12,025 - my_fastapi_app - INFO - CORS Setting finished
2024-11-12 14:52:12,025 - my_fastapi_app - INFO - Registering routes...
2024-11-12 14:52:12,028 - my_fastapi_app - INFO - Routes registered.
2024-11-12 14:53:40,456 - my_fastapi_app - INFO - Logger is configured successfully.
2024-11-12 14:53:40,462 - my_fastapi_app - INFO - Creating database tables...
2024-11-12 14:53:40,504 - my_fastapi_app - INFO - Database tables created.
2024-11-12 14:53:40,504 - my_fastapi_app - INFO - Starting FastAPI application...
2024-11-12 14:53:40,505 - my_fastapi_app - INFO - FastAPI application created.
2024-11-12 14:53:40,505 - my_fastapi_app - INFO - Setting CORS
2024-11-12 14:53:40,505 - my_fastapi_app - INFO - CORS Setting finished
2024-11-12 14:53:40,505 - my_fastapi_app - INFO - Registering routes...
2024-11-12 14:53:40,509 - my_fastapi_app - INFO - Routes registered.
2024-11-12 14:54:23,659 - my_fastapi_app - INFO - Logger is configured successfully.
2024-11-12 14:54:23,665 - my_fastapi_app - INFO - Creating database tables...
2024-11-12 14:54:23,710 - my_fastapi_app - INFO - Database tables created.
2024-11-12 14:54:23,710 - my_fastapi_app - INFO - Starting FastAPI application...
2024-11-12 14:54:23,710 - my_fastapi_app - INFO - FastAPI application created.
2024-11-12 14:54:23,711 - my_fastapi_app - INFO - Setting CORS
2024-11-12 14:54:23,711 - my_fastapi_app - INFO - CORS Setting finished
2024-11-12 14:54:23,711 - my_fastapi_app - INFO - Registering routes...
2024-11-12 14:54:23,715 - my_fastapi_app - INFO - Routes registered.
2024-11-12 14:55:25,629 - my_fastapi_app - INFO - Logger is configured successfully.
2024-11-12 14:55:25,634 - my_fastapi_app - INFO - Creating database tables...
2024-11-12 14:55:25,683 - my_fastapi_app - INFO - Database tables created.
2024-11-12 14:55:25,683 - my_fastapi_app - INFO - Starting FastAPI application...
2024-11-12 14:55:25,683 - my_fastapi_app - INFO - FastAPI application created.
2024-11-12 14:55:25,684 - my_fastapi_app - INFO - Setting CORS
2024-11-12 14:55:25,684 - my_fastapi_app - INFO - CORS Setting finished
2024-11-12 14:55:25,684 - my_fastapi_app - INFO - Registering routes...
2024-11-12 14:55:25,688 - my_fastapi_app - INFO - Routes registered.
2024-11-12 14:56:37,939 - my_fastapi_app - INFO - Logger is configured successfully.
2024-11-12 14:56:37,946 - my_fastapi_app - INFO - Creating database tables...
2024-11-12 14:56:37,999 - my_fastapi_app - INFO - Database tables created.
2024-11-12 14:56:37,999 - my_fastapi_app - INFO - Starting FastAPI application...
2024-11-12 14:56:37,999 - my_fastapi_app - INFO - FastAPI application created.
2024-11-12 14:56:37,999 - my_fastapi_app - INFO - Setting CORS
2024-11-12 14:56:38,000 - my_fastapi_app - INFO - CORS Setting finished
2024-11-12 14:56:38,000 - my_fastapi_app - INFO - Registering routes...
2024-11-12 14:56:38,003 - my_fastapi_app - INFO - Routes registered.
2024-11-12 14:56:43,427 - my_fastapi_app - INFO - Logger is configured successfully.
2024-11-12 14:56:43,433 - my_fastapi_app - INFO - Creating database tables...
2024-11-12 14:56:43,462 - my_fastapi_app - INFO - Database tables created.
2024-11-12 14:56:43,462 - my_fastapi_app - INFO - Starting FastAPI application...
2024-11-12 14:56:43,462 - my_fastapi_app - INFO - FastAPI application created.
2024-11-12 14:56:43,462 - my_fastapi_app - INFO - Setting CORS
2024-11-12 14:56:43,463 - my_fastapi_app - INFO - CORS Setting finished
2024-11-12 14:56:43,463 - my_fastapi_app - INFO - Registering routes...
2024-11-12 14:56:43,467 - my_fastapi_app - INFO - Routes registered.
2024-11-12 14:57:48,779 - my_fastapi_app - INFO - Logger is configured successfully.
2024-11-12 14:57:48,785 - my_fastapi_app - INFO - Creating database tables...
2024-11-12 14:57:48,832 - my_fastapi_app - INFO - Database tables created.
2024-11-12 14:57:48,832 - my_fastapi_app - INFO - Starting FastAPI application...
2024-11-12 14:57:48,833 - my_fastapi_app - INFO - FastAPI application created.
2024-11-12 14:57:48,833 - my_fastapi_app - INFO - Setting CORS
2024-11-12 14:57:48,833 - my_fastapi_app - INFO - CORS Setting finished
2024-11-12 14:57:48,833 - my_fastapi_app - INFO - Registering routes...
2024-11-12 14:57:48,836 - my_fastapi_app - INFO - Routes registered.
2024-11-12 14:58:03,639 - my_fastapi_app - INFO - Logger is configured successfully.
2024-11-12 14:58:03,645 - my_fastapi_app - INFO - Creating database tables...
2024-11-12 14:58:03,679 - my_fastapi_app - INFO - Database tables created.
2024-11-12 14:58:03,680 - my_fastapi_app - INFO - Starting FastAPI application...
2024-11-12 14:58:03,680 - my_fastapi_app - INFO - FastAPI application created.
2024-11-12 14:58:03,680 - my_fastapi_app - INFO - Setting CORS
2024-11-12 14:58:03,680 - my_fastapi_app - INFO - CORS Setting finished
2024-11-12 14:58:03,680 - my_fastapi_app - INFO - Registering routes...
2024-11-12 14:58:03,684 - my_fastapi_app - INFO - Routes registered.
2024-11-12 14:58:08,259 - my_fastapi_app - INFO - Logger is configured successfully.
2024-11-12 14:58:08,265 - my_fastapi_app - INFO - Creating database tables...
2024-11-12 14:58:08,298 - my_fastapi_app - INFO - Database tables created.
2024-11-12 14:58:08,298 - my_fastapi_app - INFO - Starting FastAPI application...
2024-11-12 14:58:08,298 - my_fastapi_app - INFO - FastAPI application created.
2024-11-12 14:58:08,298 - my_fastapi_app - INFO - Setting CORS
2024-11-12 14:58:08,299 - my_fastapi_app - INFO - CORS Setting finished
2024-11-12 14:58:08,299 - my_fastapi_app - INFO - Registering routes...
2024-11-12 14:58:08,302 - my_fastapi_app - INFO - Routes registered.
2024-11-12 15:14:22,652 - my_fastapi_app - INFO - Logger is configured successfully.
2024-11-12 15:14:22,658 - my_fastapi_app - INFO - Creating database tables...
2024-11-12 15:14:22,694 - my_fastapi_app - INFO - Database tables created.
2024-11-12 15:14:22,695 - my_fastapi_app - INFO - Starting FastAPI application...
2024-11-12 15:14:22,695 - my_fastapi_app - INFO - FastAPI application created.
2024-11-12 15:14:22,695 - my_fastapi_app - INFO - Setting CORS
2024-11-12 15:14:22,695 - my_fastapi_app - INFO - CORS Setting finished
2024-11-12 15:14:22,696 - my_fastapi_app - INFO - Registering routes...
2024-11-12 15:14:22,699 - my_fastapi_app - INFO - Routes registered.
2024-11-12 15:15:33,560 - my_fastapi_app - INFO - Logger is configured successfully.
2024-11-12 15:15:33,566 - my_fastapi_app - INFO - Creating database tables...
2024-11-12 15:15:33,601 - my_fastapi_app - INFO - Database tables created.
2024-11-12 15:15:33,601 - my_fastapi_app - INFO - Starting FastAPI application...
2024-11-12 15:15:33,601 - my_fastapi_app - INFO - FastAPI application created.
2024-11-12 15:15:33,601 - my_fastapi_app - INFO - Setting CORS
2024-11-12 15:15:33,601 - my_fastapi_app - INFO - CORS Setting finished
2024-11-12 15:15:33,602 - my_fastapi_app - INFO - Registering routes...
2024-11-12 15:15:33,605 - my_fastapi_app - INFO - Routes registered.
2024-11-12 16:20:21,632 - my_fastapi_app - INFO - Logger is configured successfully.
2024-11-12 16:20:21,638 - my_fastapi_app - INFO - Creating database tables...
2024-11-12 16:20:21,682 - my_fastapi_app - INFO - Database tables created.
2024-11-12 16:20:21,682 - my_fastapi_app - INFO - Starting FastAPI application...
2024-11-12 16:20:21,682 - my_fastapi_app - INFO - FastAPI application created.
2024-11-12 16:20:21,682 - my_fastapi_app - INFO - Setting CORS
2024-11-12 16:20:21,682 - my_fastapi_app - INFO - CORS Setting finished
2024-11-12 16:20:21,683 - my_fastapi_app - INFO - Registering routes...
2024-11-12 16:20:21,686 - my_fastapi_app - INFO - Routes registered.
2024-11-12 16:20:52,731 - my_fastapi_app - INFO - Logger is configured successfully.
2024-11-12 16:20:52,737 - my_fastapi_app - INFO - Creating database tables...
2024-11-12 16:20:52,776 - my_fastapi_app - INFO - Database tables created.
2024-11-12 16:20:52,777 - my_fastapi_app - INFO - Starting FastAPI application...
2024-11-12 16:20:52,777 - my_fastapi_app - INFO - FastAPI application created.
2024-11-12 16:20:52,777 - my_fastapi_app - INFO - Setting CORS
2024-11-12 16:20:52,777 - my_fastapi_app - INFO - CORS Setting finished
2024-11-12 16:20:52,777 - my_fastapi_app - INFO - Registering routes...
2024-11-12 16:20:52,780 - my_fastapi_app - INFO - Routes registered.
2024-11-12 16:22:04,993 - my_fastapi_app - INFO - Logger is configured successfully.
2024-11-12 16:22:04,999 - my_fastapi_app - INFO - Creating database tables...
2024-11-12 16:22:05,046 - my_fastapi_app - INFO - Database tables created.
2024-11-12 16:22:05,047 - my_fastapi_app - INFO - Starting FastAPI application...
2024-11-12 16:22:05,047 - my_fastapi_app - INFO - FastAPI application created.
2024-11-12 16:22:05,047 - my_fastapi_app - INFO - Setting CORS
2024-11-12 16:22:05,048 - my_fastapi_app - INFO - CORS Setting finished
2024-11-12 16:22:05,048 - my_fastapi_app - INFO - Registering routes...
2024-11-12 16:22:05,051 - my_fastapi_app - INFO - Routes registered.
2024-11-12 16:22:49,058 - my_fastapi_app - INFO - Logger is configured successfully.
2024-11-12 16:22:49,064 - my_fastapi_app - INFO - Creating database tables...
2024-11-12 16:22:49,156 - my_fastapi_app - INFO - Database tables created.
2024-11-12 16:22:49,157 - my_fastapi_app - INFO - Starting FastAPI application...
2024-11-12 16:22:49,157 - my_fastapi_app - INFO - FastAPI application created.
2024-11-12 16:22:49,157 - my_fastapi_app - INFO - Setting CORS
2024-11-12 16:22:49,157 - my_fastapi_app - INFO - CORS Setting finished
2024-11-12 16:22:49,158 - my_fastapi_app - INFO - Registering routes...
2024-11-12 16:22:49,162 - my_fastapi_app - INFO - Routes registered.
2024-11-12 16:24:47,558 - my_fastapi_app - INFO - Logger is configured successfully.
2024-11-12 16:24:47,563 - my_fastapi_app - INFO - Creating database tables...
2024-11-12 16:24:47,599 - my_fastapi_app - INFO - Database tables created.
2024-11-12 16:24:47,599 - my_fastapi_app - INFO - Starting FastAPI application...
2024-11-12 16:24:47,599 - my_fastapi_app - INFO - FastAPI application created.
2024-11-12 16:24:47,599 - my_fastapi_app - INFO - Setting CORS
2024-11-12 16:24:47,599 - my_fastapi_app - INFO - CORS Setting finished
2024-11-12 16:24:47,599 - my_fastapi_app - INFO - Registering routes...
2024-11-12 16:24:47,603 - my_fastapi_app - INFO - Routes registered.
2024-11-12 16:25:48,769 - my_fastapi_app - INFO - Logger is configured successfully.
2024-11-12 16:25:48,775 - my_fastapi_app - INFO - Creating database tables...
2024-11-12 16:25:48,813 - my_fastapi_app - INFO - Database tables created.
2024-11-12 16:25:48,813 - my_fastapi_app - INFO - Starting FastAPI application...
2024-11-12 16:25:48,813 - my_fastapi_app - INFO - FastAPI application created.
2024-11-12 16:25:48,813 - my_fastapi_app - INFO - Setting CORS
2024-11-12 16:25:48,813 - my_fastapi_app - INFO - CORS Setting finished
2024-11-12 16:25:48,814 - my_fastapi_app - INFO - Registering routes...
2024-11-12 16:25:48,817 - my_fastapi_app - INFO - Routes registered.
2024-11-12 16:28:01,345 - my_fastapi_app - INFO - Logger is configured successfully.
2024-11-12 16:28:01,351 - my_fastapi_app - INFO - Creating database tables...
2024-11-12 16:28:01,391 - my_fastapi_app - INFO - Database tables created.
2024-11-12 16:28:01,391 - my_fastapi_app - INFO - Starting FastAPI application...
2024-11-12 16:28:01,392 - my_fastapi_app - INFO - FastAPI application created.
2024-11-12 16:28:01,392 - my_fastapi_app - INFO - Setting CORS
2024-11-12 16:28:01,392 - my_fastapi_app - INFO - CORS Setting finished
2024-11-12 16:28:01,392 - my_fastapi_app - INFO - Registering routes...
2024-11-12 16:28:01,396 - my_fastapi_app - INFO - Routes registered.
2024-11-12 17:24:37,179 - my_fastapi_app - INFO - Logger is configured successfully.
2024-11-12 17:24:37,190 - my_fastapi_app - INFO - Creating database tables...
2024-11-12 17:24:37,231 - my_fastapi_app - INFO - Database tables created.
2024-11-12 17:24:37,232 - my_fastapi_app - INFO - Starting FastAPI application...
2024-11-12 17:24:37,232 - my_fastapi_app - INFO - FastAPI application created.
2024-11-12 17:24:37,232 - my_fastapi_app - INFO - Setting CORS
2024-11-12 17:24:37,232 - my_fastapi_app - INFO - CORS Setting finished
2024-11-12 17:24:37,232 - my_fastapi_app - INFO - Registering routes...
2024-11-12 17:24:37,236 - my_fastapi_app - INFO - Routes registered.
2024-11-12 17:28:44,665 - my_fastapi_app - INFO - Logger is configured successfully.
2024-11-12 17:28:44,675 - my_fastapi_app - INFO - Creating database tables...
2024-11-12 17:28:44,724 - my_fastapi_app - INFO - Database tables created.
2024-11-12 17:28:44,724 - my_fastapi_app - INFO - Starting FastAPI application...
2024-11-12 17:28:44,724 - my_fastapi_app - INFO - FastAPI application created.
2024-11-12 17:28:44,724 - my_fastapi_app - INFO - Setting CORS
2024-11-12 17:28:44,724 - my_fastapi_app - INFO - CORS Setting finished
2024-11-12 17:28:44,725 - my_fastapi_app - INFO - Registering routes...
2024-11-12 17:28:44,728 - my_fastapi_app - INFO - Routes registered.
2024-11-12 17:33:43,685 - my_fastapi_app - INFO - Logger is configured successfully.
2024-11-12 17:33:43,694 - my_fastapi_app - INFO - Creating database tables...
2024-11-12 17:33:43,735 - my_fastapi_app - INFO - Database tables created.
2024-11-12 17:33:43,735 - my_fastapi_app - INFO - Starting FastAPI application...
2024-11-12 17:33:43,736 - my_fastapi_app - INFO - FastAPI application created.
2024-11-12 17:33:43,736 - my_fastapi_app - INFO - Setting CORS
2024-11-12 17:33:43,736 - my_fastapi_app - INFO - CORS Setting finished
2024-11-12 17:33:43,736 - my_fastapi_app - INFO - Registering routes...
2024-11-12 17:33:43,740 - my_fastapi_app - INFO - Routes registered.
2024-11-12 17:36:40,744 - my_fastapi_app - INFO - Logger is configured successfully.
2024-11-12 17:36:40,753 - my_fastapi_app - INFO - Creating database tables...
2024-11-12 17:36:40,807 - my_fastapi_app - INFO - Database tables created.
2024-11-12 17:36:40,807 - my_fastapi_app - INFO - Starting FastAPI application...
2024-11-12 17:36:40,807 - my_fastapi_app - INFO - FastAPI application created.
2024-11-12 17:36:40,808 - my_fastapi_app - INFO - Setting CORS
2024-11-12 17:36:40,808 - my_fastapi_app - INFO - CORS Setting finished
2024-11-12 17:36:40,808 - my_fastapi_app - INFO - Registering routes...
2024-11-12 17:36:40,811 - my_fastapi_app - INFO - Routes registered.
2024-11-12 17:38:19,091 - my_fastapi_app - ERROR - No face detected in the uploaded photo.
2024-11-12 17:38:45,455 - my_fastapi_app - ERROR - No face detected in the uploaded photo.
2024-11-12 17:57:22,532 - my_fastapi_app - INFO - Logger is configured successfully.
2024-11-12 17:57:22,543 - my_fastapi_app - INFO - Creating database tables...
2024-11-12 17:57:22,592 - my_fastapi_app - INFO - Database tables created.
2024-11-12 17:57:22,593 - my_fastapi_app - INFO - Starting FastAPI application...
2024-11-12 17:57:22,593 - my_fastapi_app - INFO - FastAPI application created.
2024-11-12 17:57:22,594 - my_fastapi_app - INFO - Setting CORS
2024-11-12 17:57:22,594 - my_fastapi_app - INFO - CORS Setting finished
2024-11-12 17:57:22,594 - my_fastapi_app - INFO - Registering routes...
2024-11-12 17:57:22,599 - my_fastapi_app - INFO - Routes registered.
2024-11-12 18:00:32,775 - my_fastapi_app - INFO - Logger is configured successfully.
2024-11-12 18:00:32,786 - my_fastapi_app - INFO - Creating database tables...
2024-11-12 18:00:32,835 - my_fastapi_app - INFO - Database tables created.
2024-11-12 18:00:32,835 - my_fastapi_app - INFO - Starting FastAPI application...
2024-11-12 18:00:32,836 - my_fastapi_app - INFO - FastAPI application created.
2024-11-12 18:00:32,836 - my_fastapi_app - INFO - Setting CORS
2024-11-12 18:00:32,836 - my_fastapi_app - INFO - CORS Setting finished
2024-11-12 18:00:32,836 - my_fastapi_app - INFO - Registering routes...
2024-11-12 18:00:32,841 - my_fastapi_app - INFO - Routes registered.
2024-11-12 18:05:07,560 - my_fastapi_app - INFO - Logger is configured successfully.
2024-11-12 18:05:07,572 - my_fastapi_app - INFO - Creating database tables...
2024-11-12 18:05:07,618 - my_fastapi_app - INFO - Database tables created.
2024-11-12 18:05:07,618 - my_fastapi_app - INFO - Starting FastAPI application...
2024-11-12 18:05:07,618 - my_fastapi_app - INFO - FastAPI application created.
2024-11-12 18:05:07,618 - my_fastapi_app - INFO - Setting CORS
2024-11-12 18:05:07,619 - my_fastapi_app - INFO - CORS Setting finished
2024-11-12 18:05:07,619 - my_fastapi_app - INFO - Registering routes...
2024-11-12 18:05:07,624 - my_fastapi_app - INFO - Routes registered.
2024-11-12 18:05:31,953 - my_fastapi_app - INFO - Logger is configured successfully.
2024-11-12 18:05:31,965 - my_fastapi_app - INFO - Creating database tables...
2024-11-12 18:05:32,001 - my_fastapi_app - INFO - Database tables created.
2024-11-12 18:05:32,002 - my_fastapi_app - INFO - Starting FastAPI application...
2024-11-12 18:05:32,002 - my_fastapi_app - INFO - FastAPI application created.
2024-11-12 18:05:32,002 - my_fastapi_app - INFO - Setting CORS
2024-11-12 18:05:32,002 - my_fastapi_app - INFO - CORS Setting finished
2024-11-12 18:05:32,002 - my_fastapi_app - INFO - Registering routes...
2024-11-12 18:05:32,007 - my_fastapi_app - INFO - Routes registered.
2024-11-12 18:07:50,134 - my_fastapi_app - INFO - Logger is configured successfully.
2024-11-12 18:07:50,148 - my_fastapi_app - INFO - Creating database tables...
2024-11-12 18:07:50,202 - my_fastapi_app - INFO - Database tables created.
2024-11-12 18:07:50,203 - my_fastapi_app - INFO - Starting FastAPI application...
2024-11-12 18:07:50,204 - my_fastapi_app - INFO - FastAPI application created.
2024-11-12 18:07:50,204 - my_fastapi_app - INFO - Setting CORS
2024-11-12 18:07:50,204 - my_fastapi_app - INFO - CORS Setting finished
2024-11-12 18:07:50,205 - my_fastapi_app - INFO - Registering routes...
2024-11-12 18:07:50,211 - my_fastapi_app - INFO - Routes registered.
2024-11-12 18:08:11,445 - my_fastapi_app - INFO - Logger is configured successfully.
2024-11-12 18:08:11,455 - my_fastapi_app - INFO - Creating database tables...
2024-11-12 18:08:11,488 - my_fastapi_app - INFO - Database tables created.
2024-11-12 18:08:11,488 - my_fastapi_app - INFO - Starting FastAPI application...
2024-11-12 18:08:11,488 - my_fastapi_app - INFO - FastAPI application created.
2024-11-12 18:08:11,489 - my_fastapi_app - INFO - Setting CORS
2024-11-12 18:08:11,489 - my_fastapi_app - INFO - CORS Setting finished
2024-11-12 18:08:11,489 - my_fastapi_app - INFO - Registering routes...
2024-11-12 18:08:11,494 - my_fastapi_app - INFO - Routes registered.
2024-11-12 18:08:52,271 - my_fastapi_app - INFO - Logger is configured successfully.
2024-11-12 18:08:52,282 - my_fastapi_app - INFO - Creating database tables...
2024-11-12 18:08:52,333 - my_fastapi_app - INFO - Database tables created.
2024-11-12 18:08:52,333 - my_fastapi_app - INFO - Starting FastAPI application...
2024-11-12 18:08:52,333 - my_fastapi_app - INFO - FastAPI application created.
2024-11-12 18:08:52,333 - my_fastapi_app - INFO - Setting CORS
2024-11-12 18:08:52,333 - my_fastapi_app - INFO - CORS Setting finished
2024-11-12 18:08:52,333 - my_fastapi_app - INFO - Registering routes...
2024-11-12 18:08:52,338 - my_fastapi_app - INFO - Routes registered.
2024-11-12 18:10:21,905 - my_fastapi_app - INFO - Logger is configured successfully.
2024-11-12 18:10:21,918 - my_fastapi_app - INFO - Creating database tables...
2024-11-12 18:10:21,966 - my_fastapi_app - INFO - Database tables created.
2024-11-12 18:10:21,966 - my_fastapi_app - INFO - Starting FastAPI application...
2024-11-12 18:10:21,966 - my_fastapi_app - INFO - FastAPI application created.
2024-11-12 18:10:21,966 - my_fastapi_app - INFO - Setting CORS
2024-11-12 18:10:21,967 - my_fastapi_app - INFO - CORS Setting finished
2024-11-12 18:10:21,967 - my_fastapi_app - INFO - Registering routes...
2024-11-12 18:10:21,972 - my_fastapi_app - INFO - Routes registered.
2024-11-12 18:26:33,967 - my_fastapi_app - INFO - Logger is configured successfully.
2024-11-12 18:26:34,198 - my_fastapi_app - INFO - Creating database tables...
2024-11-12 18:26:34,246 - my_fastapi_app - INFO - Database tables created.
2024-11-12 18:26:34,246 - my_fastapi_app - INFO - Starting FastAPI application...
2024-11-12 18:26:34,247 - my_fastapi_app - INFO - FastAPI application created.
2024-11-12 18:26:34,247 - my_fastapi_app - INFO - Setting CORS
2024-11-12 18:26:34,247 - my_fastapi_app - INFO - CORS Setting finished
2024-11-12 18:26:34,247 - my_fastapi_app - INFO - Registering routes...
2024-11-12 18:26:34,254 - my_fastapi_app - INFO - Routes registered.
2024-11-12 18:29:24,261 - my_fastapi_app - INFO - Logger is configured successfully.
2024-11-12 18:29:24,289 - my_fastapi_app - INFO - Creating database tables...
2024-11-12 18:29:24,335 - my_fastapi_app - INFO - Database tables created.
2024-11-12 18:29:24,335 - my_fastapi_app - INFO - Starting FastAPI application...
2024-11-12 18:29:24,336 - my_fastapi_app - INFO - FastAPI application created.
2024-11-12 18:29:24,336 - my_fastapi_app - INFO - Setting CORS
2024-11-12 18:29:24,336 - my_fastapi_app - INFO - CORS Setting finished
2024-11-12 18:29:24,336 - my_fastapi_app - INFO - Registering routes...
2024-11-12 18:29:24,341 - my_fastapi_app - INFO - Routes registered.
2024-11-12 18:31:10,252 - my_fastapi_app - INFO - Logger is configured successfully.
2024-11-12 18:31:10,278 - my_fastapi_app - INFO - Creating database tables...
2024-11-12 18:31:10,328 - my_fastapi_app - INFO - Database tables created.
2024-11-12 18:31:10,328 - my_fastapi_app - INFO - Starting FastAPI application...
2024-11-12 18:31:10,329 - my_fastapi_app - INFO - FastAPI application created.
2024-11-12 18:31:10,329 - my_fastapi_app - INFO - Setting CORS
2024-11-12 18:31:10,329 - my_fastapi_app - INFO - CORS Setting finished
2024-11-12 18:31:10,330 - my_fastapi_app - INFO - Registering routes...
2024-11-12 18:31:10,335 - my_fastapi_app - INFO - Routes registered.
2024-11-12 18:31:25,298 - my_fastapi_app - INFO - Logger is configured successfully.
2024-11-12 18:31:25,325 - my_fastapi_app - INFO - Creating database tables...
2024-11-12 18:31:25,365 - my_fastapi_app - INFO - Database tables created.
2024-11-12 18:31:25,365 - my_fastapi_app - INFO - Starting FastAPI application...
2024-11-12 18:31:25,365 - my_fastapi_app - INFO - FastAPI application created.
2024-11-12 18:31:25,365 - my_fastapi_app - INFO - Setting CORS
2024-11-12 18:31:25,366 - my_fastapi_app - INFO - CORS Setting finished
2024-11-12 18:31:25,366 - my_fastapi_app - INFO - Registering routes...
2024-11-12 18:31:25,370 - my_fastapi_app - INFO - Routes registered.
2024-11-12 18:32:25,627 - my_fastapi_app - ERROR - No face detected in the uploaded photo.
2024-11-12 18:32:52,645 - my_fastapi_app - ERROR - No face detected in the uploaded photo.
2024-11-12 19:09:00,954 - my_fastapi_app - INFO - Logger is configured successfully.
2024-11-12 19:09:00,981 - my_fastapi_app - INFO - Creating database tables...
2024-11-12 19:09:01,026 - my_fastapi_app - INFO - Database tables created.
2024-11-12 19:09:01,026 - my_fastapi_app - INFO - Starting FastAPI application...
2024-11-12 19:09:01,027 - my_fastapi_app - INFO - FastAPI application created.
2024-11-12 19:09:01,027 - my_fastapi_app - INFO - Setting CORS
2024-11-12 19:09:01,027 - my_fastapi_app - INFO - CORS Setting finished
2024-11-12 19:09:01,027 - my_fastapi_app - INFO - Registering routes...
2024-11-12 19:09:01,032 - my_fastapi_app - INFO - Routes registered.
